<?xml version="1.0" encoding="UTF-8"?>
<testng-results ignored="0" total="2" passed="2" failed="0" skipped="0">
  <reporter-output>
  </reporter-output>
  <suite started-at="2022-09-07T16:27:42Z" name="Suite" finished-at="2022-09-07T16:27:42Z" duration-ms="68">
    <groups>
    </groups>
    <test started-at="2022-09-07T16:27:42Z" name="Test" finished-at="2022-09-07T16:27:42Z" duration-ms="68">
      <class name="test.Logintest">
        <test-method signature="testcase1()[pri:0, instance:test.Logintest@2c4d1ac]" started-at="2022-09-07T18:27:42Z" name="testcase1" finished-at="2022-09-07T18:27:42Z" duration-ms="16" status="PASS">
          <reporter-output>
          </reporter-output>
        </test-method> <!-- testcase1 -->
        <test-method signature="testcase2()[pri:0, instance:test.Logintest@2c4d1ac]" started-at="2022-09-07T18:27:42Z" name="testcase2" finished-at="2022-09-07T18:27:42Z" duration-ms="6" status="PASS">
          <reporter-output>
          </reporter-output>
        </test-method> <!-- testcase2 -->
      </class> <!-- test.Logintest -->
    </test> <!-- Test -->
  </suite> <!-- Suite -->
</testng-results>
